<?xml version="1.0" encoding="UTF-8"?>
<testsuite name="org.example.StatsCalculatorTest" tests="2" skipped="0" failures="0" errors="0" timestamp="2025-12-12T01:41:25" hostname="АБОБУС" time="0.022">
  <properties/>
  <testcase name="averageDelayShouldBeCorrect()" classname="org.example.StatsCalculatorTest" time="0.018"/>
  <testcase name="totalBytesShouldBeCorrect()" classname="org.example.StatsCalculatorTest" time="0.003"/>
  <system-out><![CDATA[]]></system-out>
  <system-err><![CDATA[]]></system-err>
</testsuite>
